

Started GET "/" for 127.0.0.1 at 2013-10-06 17:11:41 +0900
Processing by Rails::WelcomeController#index as HTML
  Rendered /Users/Makky/.rbenv/versions/2.0.0-p247/lib/ruby/gems/2.0.0/gems/railties-4.0.0/lib/rails/templates/rails/welcome/index.html.erb (1.8ms)
Completed 200 OK in 25ms (Views: 8.9ms | ActiveRecord: 0.0ms)


Started GET "/" for 127.0.0.1 at 2013-10-06 17:31:37 +0900
Processing by Rails::WelcomeController#index as HTML
  Rendered /Users/Makky/.rbenv/versions/2.0.0-p247/lib/ruby/gems/2.0.0/gems/railties-4.0.0/lib/rails/templates/rails/welcome/index.html.erb (1.3ms)
Completed 200 OK in 21ms (Views: 6.0ms | ActiveRecord: 0.0ms)


Started GET "/" for 127.0.0.1 at 2013-10-06 17:31:44 +0900
Processing by Rails::WelcomeController#index as HTML
  Rendered /Users/Makky/.rbenv/versions/2.0.0-p247/lib/ruby/gems/2.0.0/gems/railties-4.0.0/lib/rails/templates/rails/welcome/index.html.erb (0.1ms)
Completed 200 OK in 3ms (Views: 2.3ms | ActiveRecord: 0.0ms)


Started GET "/websocket" for 127.0.0.1 at 2013-10-06 17:31:49 +0900


Started GET "/" for 127.0.0.1 at 2013-10-06 17:32:57 +0900
Processing by Rails::WelcomeController#index as HTML
  Rendered /Users/Makky/.rbenv/versions/2.0.0-p247/lib/ruby/gems/2.0.0/gems/railties-4.0.0/lib/rails/templates/rails/welcome/index.html.erb (0.1ms)
Completed 200 OK in 2ms (Views: 1.7ms | ActiveRecord: 0.0ms)


Started GET "/" for 127.0.0.1 at 2013-10-06 17:32:59 +0900
Processing by Rails::WelcomeController#index as HTML
  Rendered /Users/Makky/.rbenv/versions/2.0.0-p247/lib/ruby/gems/2.0.0/gems/railties-4.0.0/lib/rails/templates/rails/welcome/index.html.erb (0.0ms)
Completed 200 OK in 2ms (Views: 1.9ms | ActiveRecord: 0.0ms)


Started GET "/" for 127.0.0.1 at 2013-10-06 17:33:40 +0900
Processing by Rails::WelcomeController#index as HTML
  Rendered /Users/Makky/.rbenv/versions/2.0.0-p247/lib/ruby/gems/2.0.0/gems/railties-4.0.0/lib/rails/templates/rails/welcome/index.html.erb (0.1ms)
Completed 200 OK in 2ms (Views: 2.1ms | ActiveRecord: 0.0ms)


Started GET "/" for 127.0.0.1 at 2013-10-06 17:33:40 +0900
Processing by Rails::WelcomeController#index as HTML
  Rendered /Users/Makky/.rbenv/versions/2.0.0-p247/lib/ruby/gems/2.0.0/gems/railties-4.0.0/lib/rails/templates/rails/welcome/index.html.erb (0.1ms)
Completed 200 OK in 2ms (Views: 2.2ms | ActiveRecord: 0.0ms)


Started GET "/" for 127.0.0.1 at 2013-10-06 17:33:41 +0900
Processing by Rails::WelcomeController#index as HTML
  Rendered /Users/Makky/.rbenv/versions/2.0.0-p247/lib/ruby/gems/2.0.0/gems/railties-4.0.0/lib/rails/templates/rails/welcome/index.html.erb (0.1ms)
Completed 200 OK in 2ms (Views: 2.0ms | ActiveRecord: 0.0ms)


Started GET "/websocket" for 127.0.0.1 at 2013-10-06 17:33:45 +0900


Started GET "/" for 127.0.0.1 at 2013-10-06 17:34:23 +0900
Processing by Rails::WelcomeController#index as HTML
  Rendered /Users/Makky/.rbenv/versions/2.0.0-p247/lib/ruby/gems/2.0.0/gems/railties-4.0.0/lib/rails/templates/rails/welcome/index.html.erb (0.1ms)
Completed 200 OK in 2ms (Views: 1.7ms | ActiveRecord: 0.0ms)


Started GET "/" for 127.0.0.1 at 2013-10-06 17:34:48 +0900
Processing by Rails::WelcomeController#index as HTML
  Rendered /Users/Makky/.rbenv/versions/2.0.0-p247/lib/ruby/gems/2.0.0/gems/railties-4.0.0/lib/rails/templates/rails/welcome/index.html.erb (0.1ms)
Completed 200 OK in 3ms (Views: 2.6ms | ActiveRecord: 0.0ms)


Started GET "/" for 127.0.0.1 at 2013-10-06 17:34:49 +0900
Processing by Rails::WelcomeController#index as HTML
  Rendered /Users/Makky/.rbenv/versions/2.0.0-p247/lib/ruby/gems/2.0.0/gems/railties-4.0.0/lib/rails/templates/rails/welcome/index.html.erb (0.1ms)
Completed 200 OK in 3ms (Views: 2.5ms | ActiveRecord: 0.0ms)


Started GET "/" for 127.0.0.1 at 2013-10-06 17:34:49 +0900
Processing by Rails::WelcomeController#index as HTML
  Rendered /Users/Makky/.rbenv/versions/2.0.0-p247/lib/ruby/gems/2.0.0/gems/railties-4.0.0/lib/rails/templates/rails/welcome/index.html.erb (0.0ms)
Completed 200 OK in 2ms (Views: 2.0ms | ActiveRecord: 0.0ms)


Started GET "/" for 127.0.0.1 at 2013-10-06 17:34:49 +0900
Processing by Rails::WelcomeController#index as HTML
  Rendered /Users/Makky/.rbenv/versions/2.0.0-p247/lib/ruby/gems/2.0.0/gems/railties-4.0.0/lib/rails/templates/rails/welcome/index.html.erb (0.1ms)
Completed 200 OK in 3ms (Views: 2.6ms | ActiveRecord: 0.0ms)


Started GET "/" for 127.0.0.1 at 2013-10-06 17:34:50 +0900
Processing by Rails::WelcomeController#index as HTML
  Rendered /Users/Makky/.rbenv/versions/2.0.0-p247/lib/ruby/gems/2.0.0/gems/railties-4.0.0/lib/rails/templates/rails/welcome/index.html.erb (0.2ms)
Completed 200 OK in 3ms (Views: 2.8ms | ActiveRecord: 0.0ms)


Started GET "/" for 127.0.0.1 at 2013-10-06 17:34:50 +0900
Processing by Rails::WelcomeController#index as HTML
  Rendered /Users/Makky/.rbenv/versions/2.0.0-p247/lib/ruby/gems/2.0.0/gems/railties-4.0.0/lib/rails/templates/rails/welcome/index.html.erb (0.0ms)
Completed 200 OK in 2ms (Views: 1.3ms | ActiveRecord: 0.0ms)


Started GET "/" for 127.0.0.1 at 2013-10-06 17:35:03 +0900
Processing by Rails::WelcomeController#index as HTML
  Rendered /Users/Makky/.rbenv/versions/2.0.0-p247/lib/ruby/gems/2.0.0/gems/railties-4.0.0/lib/rails/templates/rails/welcome/index.html.erb (1.3ms)
Completed 200 OK in 22ms (Views: 6.3ms | ActiveRecord: 0.0ms)


Started GET "/" for 127.0.0.1 at 2013-10-06 17:35:10 +0900
Processing by Rails::WelcomeController#index as HTML
  Rendered /Users/Makky/.rbenv/versions/2.0.0-p247/lib/ruby/gems/2.0.0/gems/railties-4.0.0/lib/rails/templates/rails/welcome/index.html.erb (0.1ms)
Completed 200 OK in 2ms (Views: 1.8ms | ActiveRecord: 0.0ms)


Started GET "/" for 127.0.0.1 at 2013-10-06 17:37:12 +0900
Processing by Rails::WelcomeController#index as HTML
  Rendered /Users/Makky/.rbenv/versions/2.0.0-p247/lib/ruby/gems/2.0.0/gems/railties-4.0.0/lib/rails/templates/rails/welcome/index.html.erb (0.0ms)
Completed 200 OK in 2ms (Views: 1.6ms | ActiveRecord: 0.0ms)


Started GET "/websocket" for 127.0.0.1 at 2013-10-06 17:37:17 +0900


Started GET "/websocket" for 127.0.0.1 at 2013-10-06 17:37:18 +0900


Started GET "/" for 127.0.0.1 at 2013-10-06 17:42:01 +0900
Processing by Rails::WelcomeController#index as HTML
  Rendered /Users/Makky/.rbenv/versions/2.0.0-p247/lib/ruby/gems/2.0.0/gems/railties-4.0.0/lib/rails/templates/rails/welcome/index.html.erb (1.3ms)
Completed 200 OK in 22ms (Views: 6.1ms | ActiveRecord: 0.0ms)


Started GET "/rails/info/properties" for 127.0.0.1 at 2013-10-06 17:42:07 +0900
Processing by Rails::InfoController#properties as */*
  Rendered /Users/Makky/.rbenv/versions/2.0.0-p247/lib/ruby/gems/2.0.0/gems/railties-4.0.0/lib/rails/templates/rails/info/properties.html.erb (0.4ms)
Completed 200 OK in 20ms (Views: 12.3ms | ActiveRecord: 1.7ms)
